{"C:\\Users\\bribe\\Documents\\DSIA\\DSIA_4201B\\devops_base\\td4\\scripts\\sample-app\\app.js": {"path":"C:\\Users\\bribe\\Documents\\DSIA\\DSIA_4201B\\devops_base\\td4\\scripts\\sample-app\\app.js","statementMap":{"0":{"start":{"line":2,"column":16},"end":{"line":2,"column":34}},"1":{"start":{"line":4,"column":12},"end":{"line":4,"column":21}},"2":{"start":{"line":6,"column":0},"end":{"line":8,"column":3}},"3":{"start":{"line":7,"column":2},"end":{"line":7,"column":28}},"4":{"start":{"line":11,"column":0},"end":{"line":21,"column":3}},"5":{"start":{"line":12,"column":12},"end":{"line":12,"column":36}},"6":{"start":{"line":13,"column":12},"end":{"line":13,"column":36}},"7":{"start":{"line":15,"column":2},"end":{"line":17,"column":3}},"8":{"start":{"line":16,"column":4},"end":{"line":16,"column":78}},"9":{"start":{"line":19,"column":14},"end":{"line":19,"column":19}},"10":{"start":{"line":20,"column":2},"end":{"line":20,"column":50}},"11":{"start":{"line":24,"column":0},"end":{"line":27,"column":3}},"12":{"start":{"line":25,"column":15},"end":{"line":25,"column":30}},"13":{"start":{"line":26,"column":2},"end":{"line":26,"column":30}},"14":{"start":{"line":29,"column":0},"end":{"line":29,"column":21}}},"fnMap":{"0":{"name":"(anonymous_0)","decl":{"start":{"line":6,"column":13},"end":{"line":6,"column":14}},"loc":{"start":{"line":6,"column":27},"end":{"line":8,"column":1}},"line":6},"1":{"name":"(anonymous_1)","decl":{"start":{"line":11,"column":22},"end":{"line":11,"column":23}},"loc":{"start":{"line":11,"column":36},"end":{"line":21,"column":1}},"line":11},"2":{"name":"(anonymous_2)","decl":{"start":{"line":24,"column":23},"end":{"line":24,"column":24}},"loc":{"start":{"line":24,"column":37},"end":{"line":27,"column":1}},"line":24}},"branchMap":{"0":{"loc":{"start":{"line":15,"column":2},"end":{"line":17,"column":3}},"type":"if","locations":[{"start":{"line":15,"column":2},"end":{"line":17,"column":3}},{"start":{},"end":{}}],"line":15},"1":{"loc":{"start":{"line":15,"column":6},"end":{"line":15,"column":26}},"type":"binary-expr","locations":[{"start":{"line":15,"column":6},"end":{"line":15,"column":14}},{"start":{"line":15,"column":18},"end":{"line":15,"column":26}}],"line":15}},"s":{"0":1,"1":1,"2":1,"3":1,"4":1,"5":2,"6":2,"7":2,"8":1,"9":1,"10":1,"11":1,"12":1,"13":1,"14":1},"f":{"0":1,"1":2,"2":1},"b":{"0":[1,1],"1":[2,1]},"_coverageSchema":"1a1c01bbd47fc00a2c39e90264f33305004495a9","hash":"6816a15da5f475b48204f78015fa3e3292a7ff6d"}
}
